<?xml version="1.0" encoding="UTF-8"?>
<testng-results ignored="0" total="1" passed="1" failed="0" skipped="0">
  <reporter-output>
  </reporter-output>
  <suite started-at="2019-12-10T12:08:39 PST" name="Default suite" finished-at="2019-12-10T12:08:44 PST" duration-ms="5225">
    <groups>
    </groups>
    <test started-at="2019-12-10T12:08:39 PST" name="Default test" finished-at="2019-12-10T12:08:44 PST" duration-ms="5225">
      <class name="com.test.UIAutomation.homepage.TC101_VerifyLoginPage">
        <test-method is-config="true" signature="setup()[pri:0, instance:com.test.UIAutomation.homepage.TC101_VerifyLoginPage@161b062a]" started-at="2019-12-10T12:08:39 PST" name="setup" finished-at="2019-12-10T12:08:42 PST" duration-ms="3441" status="PASS">
          <reporter-output>
          </reporter-output>
        </test-method> <!-- setup -->
        <test-method signature="verifyValidLogin()[pri:0, instance:com.test.UIAutomation.homepage.TC101_VerifyLoginPage@161b062a]" started-at="2019-12-10T12:08:42 PST" name="verifyValidLogin" finished-at="2019-12-10T12:08:44 PST" duration-ms="1643" status="PASS">
          <reporter-output>
          </reporter-output>
        </test-method> <!-- verifyValidLogin -->
        <test-method is-config="true" signature="endTest()[pri:0, instance:com.test.UIAutomation.homepage.TC101_VerifyLoginPage@161b062a]" started-at="2019-12-10T12:08:44 PST" name="endTest" finished-at="2019-12-10T12:08:44 PST" duration-ms="117" status="PASS">
          <reporter-output>
          </reporter-output>
        </test-method> <!-- endTest -->
      </class> <!-- com.test.UIAutomation.homepage.TC101_VerifyLoginPage -->
    </test> <!-- Default test -->
  </suite> <!-- Default suite -->
</testng-results>
